0000              1   ;--------------------------------------------------------
0000              2   ; File Created by C51
0000              3   ; Version 1.0.0 #1069 (Apr 23 2015) (MSVC)
0000              4   ; This file was generated Fri Mar 04 22:03:53 2022
0000              5   ;--------------------------------------------------------
                  5   $name Hello_AT89LP51RC2
                  6   $optc51 --model-small
0000              8            R_DSEG    segment data
0000              9            R_CSEG    segment code
0000             10            R_BSEG    segment bit
0000             11            R_XSEG    segment xdata
0000             12            R_PSEG    segment xdata
0000             13            R_ISEG    segment idata
0000             14            R_OSEG    segment data overlay
0000             15            BIT_BANK  segment data overlay
0000             16            R_HOME    segment code
0000             17            R_GSINIT  segment code
0000             18            R_IXSEG   segment xdata
0000             19            R_CONST   segment code
0000             20            R_XINIT   segment code
0000             21            R_DINIT   segment code
0000             22   
0000             23   ;--------------------------------------------------------
0000             24   ; Public variables in this module
0000             25   ;--------------------------------------------------------
0000             26            public _main
0000             27            public __c51_external_startup
0000             28   ;--------------------------------------------------------
0000             29   ; Special Function Registers
0000             30   ;--------------------------------------------------------
0000             31   _ACC            DATA 0xe0
0000             32   _B              DATA 0xf0
0000             33   _PSW            DATA 0xd0
0000             34   _SP             DATA 0x81
0000             35   _SPX            DATA 0xef
0000             36   _DPL            DATA 0x82
0000             37   _DPH            DATA 0x83
0000             38   _DPLB           DATA 0xd4
0000             39   _DPHB           DATA 0xd5
0000             40   _PAGE           DATA 0xf6
0000             41   _AX             DATA 0xe1
0000             42   _BX             DATA 0xf7
0000             43   _DSPR           DATA 0xe2
0000             44   _FIRD           DATA 0xe3
0000             45   _MACL           DATA 0xe4
0000             46   _MACH           DATA 0xe5
0000             47   _PCON           DATA 0x87
0000             48   _AUXR           DATA 0x8e
0000             49   _AUXR1          DATA 0xa2
0000             50   _DPCF           DATA 0xa1
0000             51   _CKRL           DATA 0x97
0000             52   _CKCKON0        DATA 0x8f
0000             53   _CKCKON1        DATA 0xaf
0000             54   _CKSEL          DATA 0x85
0000             55   _CLKREG         DATA 0xae
0000             56   _OSCCON         DATA 0x85
0000             57   _IE             DATA 0xa8
0000             58   _IEN0           DATA 0xa8
0000             59   _IEN1           DATA 0xb1
0000             60   _IPH0           DATA 0xb7
0000             61   _IP             DATA 0xb8
0000             62   _IPL0           DATA 0xb8
0000             63   _IPH1           DATA 0xb3
0000             64   _IPL1           DATA 0xb2
0000             65   _P0             DATA 0x80
0000             66   _P1             DATA 0x90
0000             67   _P2             DATA 0xa0
0000             68   _P3             DATA 0xb0
0000             69   _P4             DATA 0xc0
0000             70   _P0M0           DATA 0xe6
0000             71   _P0M1           DATA 0xe7
0000             72   _P1M0           DATA 0xd6
0000             73   _P1M1           DATA 0xd7
0000             74   _P2M0           DATA 0xce
0000             75   _P2M1           DATA 0xcf
0000             76   _P3M0           DATA 0xc6
0000             77   _P3M1           DATA 0xc7
0000             78   _P4M0           DATA 0xbe
0000             79   _P4M1           DATA 0xbf
0000             80   _SCON           DATA 0x98
0000             81   _SBUF           DATA 0x99
0000             82   _SADEN          DATA 0xb9
0000             83   _SADDR          DATA 0xa9
0000             84   _BDRCON         DATA 0x9b
0000             85   _BRL            DATA 0x9a
0000             86   _TCON           DATA 0x88
0000             87   _TMOD           DATA 0x89
0000             88   _TCONB          DATA 0x91
0000             89   _TL0            DATA 0x8a
0000             90   _TH0            DATA 0x8c
0000             91   _TL1            DATA 0x8b
0000             92   _TH1            DATA 0x8d
0000             93   _RL0            DATA 0xf2
0000             94   _RH0            DATA 0xf4
0000             95   _RL1            DATA 0xf3
0000             96   _RH1            DATA 0xf5
0000             97   _WDTRST         DATA 0xa6
0000             98   _WDTPRG         DATA 0xa7
0000             99   _T2CON          DATA 0xc8
0000            100   _T2MOD          DATA 0xc9
0000            101   _RCAP2H         DATA 0xcb
0000            102   _RCAP2L         DATA 0xca
0000            103   _TH2            DATA 0xcd
0000            104   _TL2            DATA 0xcc
0000            105   _SPCON          DATA 0xc3
0000            106   _SPSTA          DATA 0xc4
0000            107   _SPDAT          DATA 0xc5
0000            108   _SSCON          DATA 0x93
0000            109   _SSCS           DATA 0x94
0000            110   _SSDAT          DATA 0x95
0000            111   _SSADR          DATA 0x96
0000            112   _KBLS           DATA 0x9c
0000            113   _KBE            DATA 0x9d
0000            114   _KBF            DATA 0x9e
0000            115   _KBMOD          DATA 0x9f
0000            116   _BMSEL          DATA 0x92
0000            117   _FCON           DATA 0xd2
0000            118   _EECON          DATA 0xd2
0000            119   _ACSRA          DATA 0xa3
0000            120   _ACSRB          DATA 0xab
0000            121   _AREF           DATA 0xbd
0000            122   _DADC           DATA 0xa4
0000            123   _DADI           DATA 0xa5
0000            124   _DADL           DATA 0xac
0000            125   _DADH           DATA 0xad
0000            126   _CCON           DATA 0xd8
0000            127   _CMOD           DATA 0xd9
0000            128   _CL             DATA 0xe9
0000            129   _CH             DATA 0xf9
0000            130   _CCAPM0         DATA 0xda
0000            131   _CCAPM1         DATA 0xdb
0000            132   _CCAPM2         DATA 0xdc
0000            133   _CCAPM3         DATA 0xdd
0000            134   _CCAPM4         DATA 0xde
0000            135   _CCAP0H         DATA 0xfa
0000            136   _CCAP1H         DATA 0xfb
0000            137   _CCAP2H         DATA 0xfc
0000            138   _CCAP3H         DATA 0xfd
0000            139   _CCAP4H         DATA 0xfe
0000            140   _CCAP0L         DATA 0xea
0000            141   _CCAP1L         DATA 0xeb
0000            142   _CCAP2L         DATA 0xec
0000            143   _CCAP3L         DATA 0xed
0000            144   _CCAP4L         DATA 0xee
0000            145   ;--------------------------------------------------------
0000            146   ; special function bits
0000            147   ;--------------------------------------------------------
0000            148   _ACC_0          BIT 0xe0
0000            149   _ACC_1          BIT 0xe1
0000            150   _ACC_2          BIT 0xe2
0000            151   _ACC_3          BIT 0xe3
0000            152   _ACC_4          BIT 0xe4
0000            153   _ACC_5          BIT 0xe5
0000            154   _ACC_6          BIT 0xe6
0000            155   _ACC_7          BIT 0xe7
0000            156   _B_0            BIT 0xf0
0000            157   _B_1            BIT 0xf1
0000            158   _B_2            BIT 0xf2
0000            159   _B_3            BIT 0xf3
0000            160   _B_4            BIT 0xf4
0000            161   _B_5            BIT 0xf5
0000            162   _B_6            BIT 0xf6
0000            163   _B_7            BIT 0xf7
0000            164   _P              BIT 0xd0
0000            165   _F1             BIT 0xd1
0000            166   _OV             BIT 0xd2
0000            167   _RS0            BIT 0xd3
0000            168   _RS1            BIT 0xd4
0000            169   _F0             BIT 0xd5
0000            170   _AC             BIT 0xd6
0000            171   _CY             BIT 0xd7
0000            172   _EX0            BIT 0xa8
0000            173   _ET0            BIT 0xa9
0000            174   _EX1            BIT 0xaa
0000            175   _ET1            BIT 0xab
0000            176   _ES             BIT 0xac
0000            177   _ET2            BIT 0xad
0000            178   _EC             BIT 0xae
0000            179   _EA             BIT 0xaf
0000            180   _PX0            BIT 0xb8
0000            181   _PT0            BIT 0xb9
0000            182   _PX1            BIT 0xba
0000            183   _PT1            BIT 0xbb
0000            184   _PS             BIT 0xbc
0000            185   _PT2            BIT 0xbd
0000            186   _IP0D           BIT 0xbf
0000            187   _PPCL           BIT 0xbe
0000            188   _PT2L           BIT 0xbd
0000            189   _PLS            BIT 0xbc
0000            190   _PT1L           BIT 0xbb
0000            191   _PX1L           BIT 0xba
0000            192   _PT0L           BIT 0xb9
0000            193   _PX0L           BIT 0xb8
0000            194   _P0_0           BIT 0x80
0000            195   _P0_1           BIT 0x81
0000            196   _P0_2           BIT 0x82
0000            197   _P0_3           BIT 0x83
0000            198   _P0_4           BIT 0x84
0000            199   _P0_5           BIT 0x85
0000            200   _P0_6           BIT 0x86
0000            201   _P0_7           BIT 0x87
0000            202   _P1_0           BIT 0x90
0000            203   _P1_1           BIT 0x91
0000            204   _P1_2           BIT 0x92
0000            205   _P1_3           BIT 0x93
0000            206   _P1_4           BIT 0x94
0000            207   _P1_5           BIT 0x95
0000            208   _P1_6           BIT 0x96
0000            209   _P1_7           BIT 0x97
0000            210   _P2_0           BIT 0xa0
0000            211   _P2_1           BIT 0xa1
0000            212   _P2_2           BIT 0xa2
0000            213   _P2_3           BIT 0xa3
0000            214   _P2_4           BIT 0xa4
0000            215   _P2_5           BIT 0xa5
0000            216   _P2_6           BIT 0xa6
0000            217   _P2_7           BIT 0xa7
0000            218   _P3_0           BIT 0xb0
0000            219   _P3_1           BIT 0xb1
0000            220   _P3_2           BIT 0xb2
0000            221   _P3_3           BIT 0xb3
0000            222   _P3_4           BIT 0xb4
0000            223   _P3_5           BIT 0xb5
0000            224   _P3_6           BIT 0xb6
0000            225   _P3_7           BIT 0xb7
0000            226   _RXD            BIT 0xb0
0000            227   _TXD            BIT 0xb1
0000            228   _INT0           BIT 0xb2
0000            229   _INT1           BIT 0xb3
0000            230   _T0             BIT 0xb4
0000            231   _T1             BIT 0xb5
0000            232   _WR             BIT 0xb6
0000            233   _RD             BIT 0xb7
0000            234   _P4_0           BIT 0xc0
0000            235   _P4_1           BIT 0xc1
0000            236   _P4_2           BIT 0xc2
0000            237   _P4_3           BIT 0xc3
0000            238   _P4_4           BIT 0xc4
0000            239   _P4_5           BIT 0xc5
0000            240   _P4_6           BIT 0xc6
0000            241   _P4_7           BIT 0xc7
0000            242   _RI             BIT 0x98
0000            243   _TI             BIT 0x99
0000            244   _RB8            BIT 0x9a
0000            245   _TB8            BIT 0x9b
0000            246   _REN            BIT 0x9c
0000            247   _SM2            BIT 0x9d
0000            248   _SM1            BIT 0x9e
0000            249   _SM0            BIT 0x9f
0000            250   _IT0            BIT 0x88
0000            251   _IE0            BIT 0x89
0000            252   _IT1            BIT 0x8a
0000            253   _IE1            BIT 0x8b
0000            254   _TR0            BIT 0x8c
0000            255   _TF0            BIT 0x8d
0000            256   _TR1            BIT 0x8e
0000            257   _TF1            BIT 0x8f
0000            258   _CP_RL2         BIT 0xc8
0000            259   _C_T2           BIT 0xc9
0000            260   _TR2            BIT 0xca
0000            261   _EXEN2          BIT 0xcb
0000            262   _TCLK           BIT 0xcc
0000            263   _RCLK           BIT 0xcd
0000            264   _EXF2           BIT 0xce
0000            265   _TF2            BIT 0xcf
0000            266   _CF             BIT 0xdf
0000            267   _CR             BIT 0xde
0000            268   _CCF4           BIT 0xdc
0000            269   _CCF3           BIT 0xdb
0000            270   _CCF2           BIT 0xda
0000            271   _CCF1           BIT 0xd9
0000            272   _CCF0           BIT 0xd8
0000            273   ;--------------------------------------------------------
0000            274   ; overlayable register banks
0000            275   ;--------------------------------------------------------
0000            276            rbank0 segment data overlay
0000            277   ;--------------------------------------------------------
0000            278   ; internal ram data
0000            279   ;--------------------------------------------------------
0000            280            rseg R_DSEG
0000            281   ;--------------------------------------------------------
0000            282   ; overlayable items in internal ram 
0000            283   ;--------------------------------------------------------
0000            284            rseg R_OSEG
0000            285   ;--------------------------------------------------------
0000            286   ; indirectly addressable internal ram data
0000            287   ;--------------------------------------------------------
0000            288            rseg R_ISEG
0000            289   ;--------------------------------------------------------
0000            290   ; absolute internal ram data
0000            291   ;--------------------------------------------------------
0000            292            DSEG
0000            293   ;--------------------------------------------------------
0000            294   ; bit data
0000            295   ;--------------------------------------------------------
0000            296            rseg R_BSEG
0000            297   ;--------------------------------------------------------
0000            298   ; paged external ram data
0000            299   ;--------------------------------------------------------
0000            300            rseg R_PSEG
0000            301   ;--------------------------------------------------------
0000            302   ; external ram data
0000            303   ;--------------------------------------------------------
0000            304            rseg R_XSEG
0000            305   ;--------------------------------------------------------
0000            306   ; absolute external ram data
0000            307   ;--------------------------------------------------------
0000            308            XSEG
0000            309   ;--------------------------------------------------------
0000            310   ; external initialized ram data
0000            311   ;--------------------------------------------------------
0000            312            rseg R_IXSEG
0000            313            rseg R_HOME
0000            314            rseg R_GSINIT
0000            315            rseg R_CSEG
0000            316   ;--------------------------------------------------------
0000            317   ; Reset entry point and interrupt vectors
0000            318   ;--------------------------------------------------------
0000            319            CSEG at 0x0000
0000 020100     320            ljmp    _crt0
0003            321   ;--------------------------------------------------------
0003            322   ; global & static initialisations
0003            323   ;--------------------------------------------------------
0000            324            rseg R_HOME
0000            325            rseg R_GSINIT
0000            326            rseg R_GSINIT
0000            327   ;--------------------------------------------------------
0000            328   ; data variables initialization
0000            329   ;--------------------------------------------------------
0000            330            rseg R_DINIT
0000            331            ; The linker places a 'ret' at the end of segment R_DINIT.
0000            332   ;--------------------------------------------------------
0000            333   ; code
0000            334   ;--------------------------------------------------------
0000            335            rseg R_CSEG
0000            336   ;------------------------------------------------------------
0000            337   ;Allocation info for local variables in function '_c51_external_startup'
0000            338   ;------------------------------------------------------------
0000            339   ;------------------------------------------------------------
0000            340   ;        D:\school\ELEC291\Lab 4\Hello_AT89LP51RC2.c:14: unsigned char _c51_external_startup(void)
0000            341   ;        -----------------------------------------
0000            342   ;         function _c51_external_startup
0000            343   ;        -----------------------------------------
0000            344   __c51_external_startup:
0000            345            using   0
0000            346   ;        D:\school\ELEC291\Lab 4\Hello_AT89LP51RC2.c:16: AUXR=0B_0001_0001; // 1152 bytes of internal XDATA, P4.4 is I/O
0000 758E11     347            mov     _AUXR,#0x11
0003            348   ;        D:\school\ELEC291\Lab 4\Hello_AT89LP51RC2.c:19: PCON|=0x80;
0003 438780     349            orl     _PCON,#0x80
0006            350   ;        D:\school\ELEC291\Lab 4\Hello_AT89LP51RC2.c:20: SCON = 0x52;
0006 759852     351            mov     _SCON,#0x52
0009            352   ;        D:\school\ELEC291\Lab 4\Hello_AT89LP51RC2.c:21: BDRCON=0;
0009 759B00     353            mov     _BDRCON,#0x00
000C            354   ;        D:\school\ELEC291\Lab 4\Hello_AT89LP51RC2.c:22: BRL=BRG_VAL;
000C 759AF4     355            mov     _BRL,#0xF4
000F            356   ;        D:\school\ELEC291\Lab 4\Hello_AT89LP51RC2.c:23: BDRCON=BRR|TBCK|RBCK|SPD;
000F 759B1E     357            mov     _BDRCON,#0x1E
0012            358   ;        D:\school\ELEC291\Lab 4\Hello_AT89LP51RC2.c:25: return 0;
0012 758200     359            mov     dpl,#0x00
0015 22         360            ret
0016            361   ;------------------------------------------------------------
0016            362   ;Allocation info for local variables in function 'main'
0016            363   ;------------------------------------------------------------
0016            364   ;------------------------------------------------------------
0016            365   ;        D:\school\ELEC291\Lab 4\Hello_AT89LP51RC2.c:28: void main (void)
0016            366   ;        -----------------------------------------
0016            367   ;         function main
0016            368   ;        -----------------------------------------
0016            369   _main:
0016            370   ;        D:\school\ELEC291\Lab 4\Hello_AT89LP51RC2.c:30: printf("Hello, World!\n");
0016 7480       371            mov     a,#__str_0
0018 C0E0       372            push    acc
001A 747E       373            mov     a,#(__str_0 >> 8)
001C C0E0       374            push    acc
001E 7480       375            mov     a,#0x80
0020 C0E0       376            push    acc
0022 120100     377            lcall   _printf
0025 1581       378            dec     sp
0027 1581       379            dec     sp
0029 1581       380            dec     sp
002B 22         381            ret
002C            382            rseg R_CSEG
002C            383   
0000            384            rseg R_XINIT
0000            385   
0000            386            rseg R_CONST
0000            387   __str_0:
0000 48656C6C   388            db 'Hello, World!'
     6F2C2057
     6F726C64
     21
000D 0A         389            db 0x0A
000E 00         390            db 0x00
000F            391   
0003            392            CSEG
0003            393   
0003            394   end
